build/jsb-default/frameworks/cocos2d-x/cocos/platform/android/java/libs/facebook_lib/build/outputs/logs/manifest-merger-release-report.txt
-- Merging decision tree log ---
manifest
ADDED from libs/facebook_lib/AndroidManifest.xml:21:1-30:12
INJECTED from libs/facebook_lib/AndroidManifest.xml:21:1-30:12
INJECTED from libs/facebook_lib/AndroidManifest.xml:21:1-30:12
	package
		ADDED from libs/facebook_lib/AndroidManifest.xml:22:5-27
		INJECTED from libs/facebook_lib/AndroidManifest.xml
		INJECTED from libs/facebook_lib/AndroidManifest.xml
	xmlns:android
		ADDED from libs/facebook_lib/AndroidManifest.xml:21:11-69
uses-sdk
ADDED from libs/facebook_lib/AndroidManifest.xml:24:5-26:41
INJECTED from libs/facebook_lib/AndroidManifest.xml:24:5-26:41
INJECTED from libs/facebook_lib/AndroidManifest.xml:24:5-26:41
INJECTED from libs/facebook_lib/AndroidManifest.xml:24:5-26:41
INJECTED from libs/facebook_lib/AndroidManifest.xml:24:5-26:41
	android:targetSdkVersion
		ADDED from libs/facebook_lib/AndroidManifest.xml:26:9-38
		INJECTED from libs/facebook_lib/AndroidManifest.xml
		INJECTED from libs/facebook_lib/AndroidManifest.xml
	android:minSdkVersion
		ADDED from libs/facebook_lib/AndroidManifest.xml:25:9-35
		INJECTED from libs/facebook_lib/AndroidManifest.xml
		INJECTED from libs/facebook_lib/AndroidManifest.xml
application
ADDED from libs/facebook_lib/AndroidManifest.xml:28:5-20